Logfile initialized
[INFO] logfile = /home/kaique/Documentos/Development/projects/TitaniumProjects/funnypic/build.log
[DEBUG] /home/kaique/.titanium/mobilesdk/linux/1.7.3/android/builder.py run /home/kaique/Documentos/Development/projects/TitaniumProjects/funnypic /home/kaique/android-sdk
[INFO] Titanium SDK version: 1.7.3 (10/17/11 13:44 dcf4257)
[DEBUG] Waiting for device to be ready ...
[TRACE] adb devices returned 1 devices/emulators
[DEBUG] Device connected... (waited 0 seconds)
[DEBUG] waited 0.006897 seconds on emulator to get ready
[DEBUG] br.com.beginti.funnypic installed? True
[WARN] Fastdev enabled, but server isn't running, deploying normally
[INFO] Copying project resources..
[TRACE] COPYING MODIFIED FILE: /home/kaique/Documentos/Development/projects/TitaniumProjects/funnypic/Resources/index.html => /home/kaique/Documentos/Development/projects/TitaniumProjects/funnypic/build/android/bin/assets/Resources/index.html
[INFO] Tiapp.xml unchanged, skipping class generation
[DEBUG] Processing Android resource drawables
[DEBUG] found drawable-long-land-hdpi splash screen at /home/kaique/Documentos/Development/projects/TitaniumProjects/funnypic/Resources/android/images/res-long-land-hdpi/default.png
[DEBUG] found drawable-notlong-port-ldpi splash screen at /home/kaique/Documentos/Development/projects/TitaniumProjects/funnypic/Resources/android/images/res-notlong-port-ldpi/default.png
[DEBUG] found drawable-notlong-land-mdpi splash screen at /home/kaique/Documentos/Development/projects/TitaniumProjects/funnypic/Resources/android/images/res-notlong-land-mdpi/default.png
[DEBUG] found drawable-notlong-port-hdpi splash screen at /home/kaique/Documentos/Development/projects/TitaniumProjects/funnypic/Resources/android/images/res-notlong-port-hdpi/default.png
[DEBUG] found drawable-notlong-port-mdpi splash screen at /home/kaique/Documentos/Development/projects/TitaniumProjects/funnypic/Resources/android/images/res-notlong-port-mdpi/default.png
[DEBUG] found drawable-notlong-land-hdpi splash screen at /home/kaique/Documentos/Development/projects/TitaniumProjects/funnypic/Resources/android/images/res-notlong-land-hdpi/default.png
[DEBUG] found drawable-long-port-ldpi splash screen at /home/kaique/Documentos/Development/projects/TitaniumProjects/funnypic/Resources/android/images/res-long-port-ldpi/default.png
[DEBUG] found drawable-long-land-ldpi splash screen at /home/kaique/Documentos/Development/projects/TitaniumProjects/funnypic/Resources/android/images/res-long-land-ldpi/default.png
[DEBUG] found drawable-long-port-hdpi splash screen at /home/kaique/Documentos/Development/projects/TitaniumProjects/funnypic/Resources/android/images/res-long-port-hdpi/default.png
[DEBUG] found drawable-notlong-land-ldpi splash screen at /home/kaique/Documentos/Development/projects/TitaniumProjects/funnypic/Resources/android/images/res-notlong-land-ldpi/default.png
[INFO] Waiting for SDCard to become available..
[DEBUG] creating unsigned apk: /home/kaique/Documentos/Development/projects/TitaniumProjects/funnypic/build/android/bin/app-unsigned.apk
[DEBUG] from resource zip => assets/Resources/img/babyface.jpg
[DEBUG] from resource zip => assets/Resources/img/bob.jpg
[DEBUG] from resource zip => assets/Resources/stuffs/script.js
[DEBUG] from resource zip => assets/Resources/KS_nav_ui.png
[DEBUG] from resource zip => assets/Resources/KS_nav_views.png
[DEBUG] from resource zip => assets/Resources/app.js
[DEBUG] from resource zip => assets/Resources/appicon.png
[DEBUG] from resource zip => assets/Resources/default.png
[DEBUG] from resource zip => assets/Resources/index.html
[DEBUG] from resource zip => assets/tiapp.xml
[DEBUG] from resource zip => res/drawable/appicon.png
[DEBUG] from resource zip => res/drawable/background.png
[DEBUG] from resource zip => res/layout/titanium_tabgroup.xml
[DEBUG] from resource zip => AndroidManifest.xml
[DEBUG] from resource zip => resources.arsc
[DEBUG] from resource zip => res/drawable-long-land-hdpi/background.png
[DEBUG] from resource zip => res/drawable-long-land-ldpi/background.png
[DEBUG] from resource zip => res/drawable-long-port-hdpi/background.png
[DEBUG] from resource zip => res/drawable-long-port-ldpi/background.png
[DEBUG] from resource zip => res/drawable-notlong-land-hdpi/background.png
[DEBUG] from resource zip => res/drawable-notlong-land-ldpi/background.png
[DEBUG] from resource zip => res/drawable-notlong-land-mdpi/background.png
[DEBUG] from resource zip => res/drawable-notlong-port-hdpi/background.png
[DEBUG] from resource zip => res/drawable-notlong-port-ldpi/background.png
[DEBUG] from resource zip => res/drawable-notlong-port-mdpi/background.png
[DEBUG] from JAR /home/kaique/.titanium/mobilesdk/linux/1.7.3/android/smalljs.jar => org/mozilla/javascript/resources/Messages.properties
[DEBUG] from JAR /home/kaique/.titanium/mobilesdk/linux/1.7.3/android/smalljs.jar => org/mozilla/javascript/resources/Messages_fr.properties
[DEBUG] from JAR /home/kaique/.titanium/mobilesdk/linux/1.7.3/android/titanium.jar => org/apache/Commons-NOTICE.txt
[DEBUG] from JAR /home/kaique/.titanium/mobilesdk/linux/1.7.3/android/titanium.jar => org/apache/HttpComponents-NOTICE.txt
[DEBUG] from JAR /home/kaique/.titanium/mobilesdk/linux/1.7.3/android/titanium.jar => org/apache/mime4j-NOTICE.txt
[DEBUG] from JAR /home/kaique/.titanium/mobilesdk/linux/1.7.3/android/titanium.jar => org/appcelerator/titanium/build.properties
[DEBUG] from JAR /home/kaique/.titanium/mobilesdk/linux/1.7.3/android/titanium.jar => org/appcelerator/titanium/res/drawable/background.png
[DEBUG] from JAR /home/kaique/.titanium/mobilesdk/linux/1.7.3/android/titanium.jar => org/appcelerator/titanium/res/drawable/btn_check_buttonless_on.png
[DEBUG] from JAR /home/kaique/.titanium/mobilesdk/linux/1.7.3/android/titanium.jar => org/appcelerator/titanium/res/drawable/btn_check_buttonless_on_18.png
[DEBUG] from JAR /home/kaique/.titanium/mobilesdk/linux/1.7.3/android/titanium.jar => org/appcelerator/titanium/res/drawable/btn_check_buttonless_on_48.png
[DEBUG] from JAR /home/kaique/.titanium/mobilesdk/linux/1.7.3/android/titanium.jar => org/appcelerator/titanium/res/drawable/btn_more.png
[DEBUG] from JAR /home/kaique/.titanium/mobilesdk/linux/1.7.3/android/titanium.jar => org/appcelerator/titanium/res/drawable/btn_more_18.png
[DEBUG] from JAR /home/kaique/.titanium/mobilesdk/linux/1.7.3/android/titanium.jar => org/appcelerator/titanium/res/drawable/btn_more_48.png
[DEBUG] from JAR /home/kaique/.titanium/mobilesdk/linux/1.7.3/android/titanium.jar => org/appcelerator/titanium/res/drawable/btn_picker_normal.9.png
[DEBUG] from JAR /home/kaique/.titanium/mobilesdk/linux/1.7.3/android/titanium.jar => org/appcelerator/titanium/res/drawable/btn_picker_pressed.9.png
[DEBUG] from JAR /home/kaique/.titanium/mobilesdk/linux/1.7.3/android/titanium.jar => org/appcelerator/titanium/res/drawable/btn_picker_selected.9.png
[DEBUG] from JAR /home/kaique/.titanium/mobilesdk/linux/1.7.3/android/titanium.jar => org/appcelerator/titanium/res/drawable/default_icon.png
[DEBUG] from JAR /home/kaique/.titanium/mobilesdk/linux/1.7.3/android/titanium.jar => org/appcelerator/titanium/res/drawable/photoDefault.png
[DEBUG] from JAR /home/kaique/.titanium/mobilesdk/linux/1.7.3/android/modules/titanium-ui.jar => ti/modules/titanium/ui/widget/webview/binding.js
[DEBUG] from JAR /home/kaique/.titanium/mobilesdk/linux/1.7.3/android/modules/titanium-ui.jar => ti/modules/titanium/ui/widget/webview/binding.min.js
[DEBUG] from JAR /home/kaique/.titanium/mobilesdk/linux/1.7.3/android/modules/titanium-ui.jar => ti/modules/titanium/ui/widget/webview/json2.js
[DEBUG] Waiting for device to be ready ...
[TRACE] adb devices returned 1 devices/emulators
[DEBUG] Device connected... (waited 0 seconds)
[DEBUG] waited 0.004207 seconds on emulator to get ready
[INFO] Installing application on device
[INFO] Launching application ... funnypic
[TRACE] Launch output: Starting: Intent { act=android.intent.action.MAIN cat=[android.intent.category.LAUNCHER] cmp=br.com.beginti.funnypic/.FunnypicActivity }

[INFO] Deployed funnypic ... Application should be running.
